[ 2018-02-06T10:18:38+08:00 ][ info ] [ BEHAVIOR ] Run Closure @app_init [ RunTime:0.001000s ]
[ info ] [ LOG ] INIT File
[ 2018-02-06T10:18:38+08:00 ][ info ] [ CACHE ] INIT File
[ 2018-02-06T10:18:38+08:00 ][ info ] [ BEHAVIOR ] Run Closure @app_init [ RunTime:0.066004s ]
[ 2018-02-06T10:18:38+08:00 ][ info ] [ DB ] INIT mysql
[ 2018-02-06T10:18:38+08:00 ][ sql ] [ DB ] CONNECT:[ UseTime:0.004000s ] mysql:host=10.127.1.17;dbname=fastadmin;charset=utf8
[ 2018-02-06T10:18:38+08:00 ][ sql ] [ SQL ] SHOW TABLE STATUS LIKE 'update' [ RunTime:0.001000s ]
[ 2018-02-06T10:18:38+08:00 ][ sql ] [ SQL ] SHOW TABLE STATUS LIKE 'fa_update' [ RunTime:0.001001s ]
[ 2018-02-06T10:20:09+08:00 ][ info ] [ BEHAVIOR ] Run Closure @app_init [ RunTime:0.000000s ]
[ info ] [ LOG ] INIT File
[ 2018-02-06T10:20:09+08:00 ][ info ] [ CACHE ] INIT File
[ 2018-02-06T10:20:09+08:00 ][ info ] [ BEHAVIOR ] Run Closure @app_init [ RunTime:0.016001s ]
[ 2018-02-06T10:20:09+08:00 ][ info ] [ DB ] INIT mysql
[ 2018-02-06T10:20:09+08:00 ][ sql ] [ DB ] CONNECT:[ UseTime:0.003000s ] mysql:host=10.127.1.17;dbname=fastadmin;charset=utf8
[ 2018-02-06T10:20:09+08:00 ][ sql ] [ SQL ] SHOW TABLE STATUS LIKE 'update' [ RunTime:0.001000s ]
[ 2018-02-06T10:20:09+08:00 ][ sql ] [ SQL ] SHOW TABLE STATUS LIKE 'fa_update' [ RunTime:0.001000s ]
[ 2018-02-06T10:22:09+08:00 ][ info ] [ BEHAVIOR ] Run Closure @app_init [ RunTime:0.000000s ]
[ info ] [ LOG ] INIT File
[ 2018-02-06T10:22:09+08:00 ][ info ] [ CACHE ] INIT File
[ 2018-02-06T10:22:09+08:00 ][ info ] [ BEHAVIOR ] Run Closure @app_init [ RunTime:0.010001s ]
[ 2018-02-06T10:23:47+08:00 ][ info ] [ BEHAVIOR ] Run Closure @app_init [ RunTime:0.000000s ]
[ info ] [ LOG ] INIT File
[ 2018-02-06T10:23:47+08:00 ][ info ] [ CACHE ] INIT File
[ 2018-02-06T10:23:47+08:00 ][ info ] [ BEHAVIOR ] Run Closure @app_init [ RunTime:0.011000s ]
[ 2018-02-06T10:23:47+08:00 ][ info ] [ DB ] INIT mysql
[ 2018-02-06T10:23:47+08:00 ][ sql ] [ DB ] CONNECT:[ UseTime:0.003000s ] mysql:host=10.127.1.17;dbname=fastadmin;charset=utf8
[ 2018-02-06T10:23:47+08:00 ][ sql ] [ SQL ] SHOW COLUMNS FROM `fa_auth_rule` [ RunTime:0.024002s ]
[ 2018-02-06T10:23:47+08:00 ][ sql ] [ SQL ] SELECT * FROM `fa_auth_rule` WHERE  `name` LIKE 'update%' [ RunTime:0.002000s ]
[ 2018-02-06T10:23:57+08:00 ][ info ] [ BEHAVIOR ] Run Closure @app_init [ RunTime:0.001000s ]
[ info ] [ LOG ] INIT File
[ 2018-02-06T10:23:57+08:00 ][ info ] [ CACHE ] INIT File
[ 2018-02-06T10:23:57+08:00 ][ info ] [ BEHAVIOR ] Run Closure @app_init [ RunTime:0.011001s ]
[ 2018-02-06T10:23:57+08:00 ][ info ] [ DB ] INIT mysql
[ 2018-02-06T10:23:57+08:00 ][ sql ] [ DB ] CONNECT:[ UseTime:0.003000s ] mysql:host=10.127.1.17;dbname=fastadmin;charset=utf8
[ 2018-02-06T10:23:57+08:00 ][ sql ] [ SQL ] SHOW TABLE STATUS LIKE 'update' [ RunTime:0.002000s ]
[ 2018-02-06T10:23:57+08:00 ][ sql ] [ SQL ] SHOW TABLE STATUS LIKE 'fa_update' [ RunTime:0.002000s ]
[ 2018-02-06T10:25:31+08:00 ][ info ] [ BEHAVIOR ] Run Closure @app_init [ RunTime:0.000000s ]
[ info ] [ LOG ] INIT File
[ 2018-02-06T10:25:31+08:00 ][ info ] [ CACHE ] INIT File
[ 2018-02-06T10:25:31+08:00 ][ info ] [ BEHAVIOR ] Run Closure @app_init [ RunTime:0.012000s ]
[ 2018-02-06T10:26:19+08:00 ][ info ] [ BEHAVIOR ] Run Closure @app_init [ RunTime:0.001001s ]
[ info ] [ LOG ] INIT File
[ 2018-02-06T10:26:19+08:00 ][ info ] [ CACHE ] INIT File
[ 2018-02-06T10:26:19+08:00 ][ info ] [ BEHAVIOR ] Run Closure @app_init [ RunTime:0.010000s ]
[ 2018-02-06T10:29:07+08:00 ][ info ] [ BEHAVIOR ] Run Closure @app_init [ RunTime:0.000000s ]
[ info ] [ LOG ] INIT File
[ 2018-02-06T10:29:07+08:00 ][ info ] [ CACHE ] INIT File
[ 2018-02-06T10:29:07+08:00 ][ info ] [ BEHAVIOR ] Run Closure @app_init [ RunTime:0.009001s ]
[ 2018-02-06T10:29:07+08:00 ][ info ] [ DB ] INIT mysql
[ 2018-02-06T10:29:07+08:00 ][ sql ] [ DB ] CONNECT:[ UseTime:0.003000s ] mysql:host=10.127.1.17;dbname=fastadmin;charset=utf8
[ 2018-02-06T10:29:07+08:00 ][ sql ] [ SQL ] SHOW TABLE STATUS LIKE 'update' [ RunTime:0.003001s ]
[ 2018-02-06T10:29:07+08:00 ][ sql ] [ SQL ] SHOW TABLE STATUS LIKE 'fa_update' [ RunTime:0.001000s ]
[ 2018-02-06T10:29:55+08:00 ][ info ] [ BEHAVIOR ] Run Closure @app_init [ RunTime:0.000000s ]
[ info ] [ LOG ] INIT File
[ 2018-02-06T10:29:55+08:00 ][ info ] [ CACHE ] INIT File
[ 2018-02-06T10:29:55+08:00 ][ info ] [ BEHAVIOR ] Run Closure @app_init [ RunTime:0.010000s ]
[ 2018-02-06T10:29:55+08:00 ][ info ] [ DB ] INIT mysql
[ 2018-02-06T10:29:55+08:00 ][ sql ] [ DB ] CONNECT:[ UseTime:0.003001s ] mysql:host=10.127.1.17;dbname=fastadmin;charset=utf8
[ 2018-02-06T10:29:55+08:00 ][ sql ] [ SQL ] SHOW TABLE STATUS LIKE 'update' [ RunTime:0.001000s ]
[ 2018-02-06T10:29:55+08:00 ][ sql ] [ SQL ] SHOW TABLE STATUS LIKE 'fa_update' [ RunTime:0.001000s ]
[ 2018-02-06T10:30:02+08:00 ][ info ] [ BEHAVIOR ] Run Closure @app_init [ RunTime:0.000000s ]
[ info ] [ LOG ] INIT File
[ 2018-02-06T10:30:02+08:00 ][ info ] [ CACHE ] INIT File
[ 2018-02-06T10:30:02+08:00 ][ info ] [ BEHAVIOR ] Run Closure @app_init [ RunTime:0.010001s ]
[ 2018-02-06T10:30:02+08:00 ][ info ] [ DB ] INIT mysql
[ 2018-02-06T10:30:02+08:00 ][ sql ] [ DB ] CONNECT:[ UseTime:0.004001s ] mysql:host=10.127.1.17;dbname=fastadmin;charset=utf8
[ 2018-02-06T10:30:02+08:00 ][ sql ] [ SQL ] SHOW TABLE STATUS LIKE 'update' [ RunTime:0.002000s ]
[ 2018-02-06T10:30:02+08:00 ][ sql ] [ SQL ] SHOW TABLE STATUS LIKE 'fa_update' [ RunTime:0.001000s ]
[ 2018-02-06T10:34:05+08:00 ][ info ] [ BEHAVIOR ] Run Closure @app_init [ RunTime:0.001000s ]
[ info ] [ LOG ] INIT File
[ 2018-02-06T10:34:05+08:00 ][ info ] [ CACHE ] INIT File
[ 2018-02-06T10:34:05+08:00 ][ info ] [ BEHAVIOR ] Run Closure @app_init [ RunTime:0.017001s ]
[ 2018-02-06T10:34:05+08:00 ][ info ] [ DB ] INIT mysql
[ 2018-02-06T10:34:05+08:00 ][ sql ] [ DB ] CONNECT:[ UseTime:0.004000s ] mysql:host=10.127.1.17;dbname=fastadmin;charset=utf8
[ 2018-02-06T10:34:05+08:00 ][ sql ] [ SQL ] SHOW TABLE STATUS LIKE 'update' [ RunTime:0.006000s ]
[ 2018-02-06T10:34:05+08:00 ][ sql ] [ SQL ] SHOW TABLE STATUS LIKE 'fa_update' [ RunTime:0.001000s ]
[ 2018-02-06T10:34:44+08:00 ][ info ] [ BEHAVIOR ] Run Closure @app_init [ RunTime:0.000000s ]
[ info ] [ LOG ] INIT File
[ 2018-02-06T10:34:44+08:00 ][ info ] [ CACHE ] INIT File
[ 2018-02-06T10:34:44+08:00 ][ info ] [ BEHAVIOR ] Run Closure @app_init [ RunTime:0.013001s ]
[ 2018-02-06T10:34:44+08:00 ][ info ] [ DB ] INIT mysql
[ 2018-02-06T10:34:44+08:00 ][ sql ] [ DB ] CONNECT:[ UseTime:0.003000s ] mysql:host=10.127.1.17;dbname=fastadmin;charset=utf8
[ 2018-02-06T10:34:44+08:00 ][ sql ] [ SQL ] SHOW TABLE STATUS LIKE 'update' [ RunTime:0.002000s ]
[ 2018-02-06T10:34:44+08:00 ][ sql ] [ SQL ] SHOW TABLE STATUS LIKE 'fa_update' [ RunTime:0.002000s ]
[ 2018-02-06T10:34:44+08:00 ][ sql ] [ SQL ] SELECT * FROM `information_schema`.`columns` WHERE TABLE_SCHEMA = 'fastadmin' AND table_name = 'fa_update' ORDER BY ORDINAL_POSITION [ RunTime:0.021001s ]
[ 2018-02-06T10:35:28+08:00 ][ info ] [ BEHAVIOR ] Run Closure @app_init [ RunTime:0.000000s ]
[ info ] [ LOG ] INIT File
[ 2018-02-06T10:35:28+08:00 ][ info ] [ CACHE ] INIT File
[ 2018-02-06T10:35:28+08:00 ][ info ] [ BEHAVIOR ] Run Closure @app_init [ RunTime:0.009000s ]
[ 2018-02-06T10:35:28+08:00 ][ info ] [ DB ] INIT mysql
[ 2018-02-06T10:35:28+08:00 ][ info ] [ LANG ] C:\Users\root\PhpstormProjects\supervisor\fastadmin\application\admin\lang/zh-cn.php
[ 2018-02-06T10:35:28+08:00 ][ sql ] [ DB ] CONNECT:[ UseTime:0.013000s ] mysql:host=10.127.1.17;dbname=fastadmin;charset=utf8
[ 2018-02-06T10:35:28+08:00 ][ sql ] [ SQL ] SHOW COLUMNS FROM `fa_auth_rule` [ RunTime:0.022001s ]
[ 2018-02-06T10:35:28+08:00 ][ sql ] [ SQL ] SELECT * FROM `fa_auth_rule` WHERE  `name` = 'update' LIMIT 1 [ RunTime:0.001000s ]
[ 2018-02-06T10:35:28+08:00 ][ sql ] [ SQL ] INSERT INTO `fa_auth_rule` (`pid` , `name` , `title` , `icon` , `remark` , `ismenu` , `status` , `createtime` , `updatetime`) VALUES (0 , 'update' , 'Update' , 'fa fa-circle-o' , '' , 1 , 'normal' , 1517884528 , 1517884528) [ RunTime:0.005000s ]
[ 2018-02-06T10:35:28+08:00 ][ sql ] [ SQL ] INSERT INTO `fa_auth_rule` (`pid` , `name` , `icon` , `title` , `ismenu` , `status` , `createtime` , `updatetime`) VALUES (141 , 'update/index' , 'fa fa-circle-o' , '查看' , 0 , 'normal' , 1517884528 , 1517884528) [ RunTime:0.002000s ]
[ 2018-02-06T10:35:28+08:00 ][ sql ] [ SQL ] INSERT INTO `fa_auth_rule` (`pid` , `name` , `icon` , `title` , `ismenu` , `status` , `createtime` , `updatetime`) VALUES (141 , 'update/recyclebin' , 'fa fa-circle-o' , '回收站' , 0 , 'normal' , 1517884528 , 1517884528) [ RunTime:0.000000s ]
[ 2018-02-06T10:35:28+08:00 ][ sql ] [ SQL ] INSERT INTO `fa_auth_rule` (`pid` , `name` , `icon` , `title` , `ismenu` , `status` , `createtime` , `updatetime`) VALUES (141 , 'update/add' , 'fa fa-circle-o' , '添加' , 0 , 'normal' , 1517884528 , 1517884528) [ RunTime:0.000000s ]
[ 2018-02-06T10:35:28+08:00 ][ sql ] [ SQL ] INSERT INTO `fa_auth_rule` (`pid` , `name` , `icon` , `title` , `ismenu` , `status` , `createtime` , `updatetime`) VALUES (141 , 'update/edit' , 'fa fa-circle-o' , '编辑' , 0 , 'normal' , 1517884528 , 1517884528) [ RunTime:0.001000s ]
[ 2018-02-06T10:35:28+08:00 ][ sql ] [ SQL ] INSERT INTO `fa_auth_rule` (`pid` , `name` , `icon` , `title` , `ismenu` , `status` , `createtime` , `updatetime`) VALUES (141 , 'update/del' , 'fa fa-circle-o' , '删除' , 0 , 'normal' , 1517884528 , 1517884528) [ RunTime:0.000000s ]
[ 2018-02-06T10:35:28+08:00 ][ sql ] [ SQL ] INSERT INTO `fa_auth_rule` (`pid` , `name` , `icon` , `title` , `ismenu` , `status` , `createtime` , `updatetime`) VALUES (141 , 'update/destroy' , 'fa fa-circle-o' , '真实删除' , 0 , 'normal' , 1517884528 , 1517884528) [ RunTime:0.001000s ]
[ 2018-02-06T10:35:28+08:00 ][ sql ] [ SQL ] INSERT INTO `fa_auth_rule` (`pid` , `name` , `icon` , `title` , `ismenu` , `status` , `createtime` , `updatetime`) VALUES (141 , 'update/restore' , 'fa fa-circle-o' , '还原' , 0 , 'normal' , 1517884528 , 1517884528) [ RunTime:0.000000s ]
[ 2018-02-06T10:35:28+08:00 ][ sql ] [ SQL ] INSERT INTO `fa_auth_rule` (`pid` , `name` , `icon` , `title` , `ismenu` , `status` , `createtime` , `updatetime`) VALUES (141 , 'update/multi' , 'fa fa-circle-o' , '批量更新' , 0 , 'normal' , 1517884528 , 1517884528) [ RunTime:0.000000s ]
[ 2018-02-06T10:42:17+08:00 ][ info ] [ BEHAVIOR ] Run Closure @app_init [ RunTime:0.001000s ]
[ info ] [ LOG ] INIT File
[ 2018-02-06T10:42:17+08:00 ][ info ] [ CACHE ] INIT File
[ 2018-02-06T10:42:17+08:00 ][ info ] [ BEHAVIOR ] Run Closure @app_init [ RunTime:0.009001s ]
[ 2018-02-06T10:42:17+08:00 ][ info ] [ DB ] INIT mysql
[ 2018-02-06T10:42:17+08:00 ][ sql ] [ DB ] CONNECT:[ UseTime:0.003000s ] mysql:host=10.127.1.17;dbname=fastadmin;charset=utf8
[ 2018-02-06T10:42:17+08:00 ][ sql ] [ SQL ] SHOW TABLE STATUS LIKE 'update' [ RunTime:0.001000s ]
[ 2018-02-06T10:42:17+08:00 ][ sql ] [ SQL ] SHOW TABLE STATUS LIKE 'fa_update' [ RunTime:0.001000s ]
[ 2018-02-06T10:44:36+08:00 ][ info ] [ BEHAVIOR ] Run Closure @app_init [ RunTime:0.000000s ]
[ info ] [ LOG ] INIT File
[ 2018-02-06T10:44:36+08:00 ][ info ] [ CACHE ] INIT File
[ 2018-02-06T10:44:36+08:00 ][ info ] [ BEHAVIOR ] Run Closure @app_init [ RunTime:0.009001s ]
[ 2018-02-06T10:44:37+08:00 ][ info ] [ DB ] INIT mysql
[ 2018-02-06T10:44:37+08:00 ][ sql ] [ DB ] CONNECT:[ UseTime:0.014001s ] mysql:host=10.127.1.17;dbname=fastadmin;charset=utf8
[ 2018-02-06T10:44:37+08:00 ][ sql ] [ SQL ] SHOW TABLE STATUS LIKE 'update' [ RunTime:0.002000s ]
[ 2018-02-06T10:44:37+08:00 ][ sql ] [ SQL ] SHOW TABLE STATUS LIKE 'fa_update' [ RunTime:0.002000s ]
[ 2018-02-06T10:44:37+08:00 ][ sql ] [ SQL ] SELECT * FROM `information_schema`.`columns` WHERE TABLE_SCHEMA = 'fastadmin' AND table_name = 'fa_update' ORDER BY ORDINAL_POSITION [ RunTime:0.016001s ]
[ 2018-02-06T10:46:57+08:00 ][ info ] [ BEHAVIOR ] Run Closure @app_init [ RunTime:0.001000s ]
[ info ] [ LOG ] INIT File
[ 2018-02-06T10:46:57+08:00 ][ info ] [ CACHE ] INIT File
[ 2018-02-06T10:46:57+08:00 ][ info ] [ BEHAVIOR ] Run Closure @app_init [ RunTime:0.018001s ]
[ 2018-02-06T10:46:57+08:00 ][ info ] [ DB ] INIT mysql
[ 2018-02-06T10:46:57+08:00 ][ sql ] [ DB ] CONNECT:[ UseTime:0.004000s ] mysql:host=10.127.1.17;dbname=fastadmin;charset=utf8
[ 2018-02-06T10:46:57+08:00 ][ sql ] [ SQL ] SHOW TABLE STATUS LIKE 'update' [ RunTime:0.002000s ]
[ 2018-02-06T10:46:57+08:00 ][ sql ] [ SQL ] SHOW TABLE STATUS LIKE 'fa_update' [ RunTime:0.001000s ]
[ 2018-02-06T10:47:20+08:00 ][ info ] [ BEHAVIOR ] Run Closure @app_init [ RunTime:0.000000s ]
[ info ] [ LOG ] INIT File
[ 2018-02-06T10:47:20+08:00 ][ info ] [ CACHE ] INIT File
[ 2018-02-06T10:47:20+08:00 ][ info ] [ BEHAVIOR ] Run Closure @app_init [ RunTime:0.010001s ]
[ 2018-02-06T10:47:20+08:00 ][ info ] [ DB ] INIT mysql
[ 2018-02-06T10:47:20+08:00 ][ sql ] [ DB ] CONNECT:[ UseTime:0.003000s ] mysql:host=10.127.1.17;dbname=fastadmin;charset=utf8
[ 2018-02-06T10:47:20+08:00 ][ sql ] [ SQL ] SHOW TABLE STATUS LIKE 'update' [ RunTime:0.001000s ]
[ 2018-02-06T10:47:20+08:00 ][ sql ] [ SQL ] SHOW TABLE STATUS LIKE 'fa_update' [ RunTime:0.001000s ]
[ 2018-02-06T10:47:20+08:00 ][ sql ] [ SQL ] SELECT * FROM `information_schema`.`columns` WHERE TABLE_SCHEMA = 'fastadmin' AND table_name = 'fa_update' ORDER BY ORDINAL_POSITION [ RunTime:0.009000s ]
[ 2018-02-06T11:16:47+08:00 ][ info ] [ BEHAVIOR ] Run Closure @app_init [ RunTime:0.001000s ]
[ info ] [ LOG ] INIT File
[ 2018-02-06T11:16:47+08:00 ][ info ] [ CACHE ] INIT File
[ 2018-02-06T11:16:47+08:00 ][ info ] [ BEHAVIOR ] Run Closure @app_init [ RunTime:0.008000s ]
[ 2018-02-06T11:16:47+08:00 ][ info ] [ DB ] INIT mysql
[ 2018-02-06T11:16:47+08:00 ][ sql ] [ DB ] CONNECT:[ UseTime:0.004000s ] mysql:host=10.127.1.17;dbname=fastadmin;charset=utf8
[ 2018-02-06T11:16:47+08:00 ][ sql ] [ SQL ] SHOW TABLE STATUS LIKE 'update' [ RunTime:0.001000s ]
[ 2018-02-06T11:16:47+08:00 ][ sql ] [ SQL ] SHOW TABLE STATUS LIKE 'fa_update' [ RunTime:0.001000s ]
[ 2018-02-06T11:16:56+08:00 ][ info ] [ BEHAVIOR ] Run Closure @app_init [ RunTime:0.000000s ]
[ info ] [ LOG ] INIT File
[ 2018-02-06T11:16:56+08:00 ][ info ] [ CACHE ] INIT File
[ 2018-02-06T11:16:56+08:00 ][ info ] [ BEHAVIOR ] Run Closure @app_init [ RunTime:0.010000s ]
[ 2018-02-06T11:16:56+08:00 ][ info ] [ DB ] INIT mysql
[ 2018-02-06T11:16:56+08:00 ][ sql ] [ DB ] CONNECT:[ UseTime:0.012000s ] mysql:host=10.127.1.17;dbname=fastadmin;charset=utf8
[ 2018-02-06T11:16:56+08:00 ][ sql ] [ SQL ] SHOW TABLE STATUS LIKE 'update' [ RunTime:0.001000s ]
[ 2018-02-06T11:16:56+08:00 ][ sql ] [ SQL ] SHOW TABLE STATUS LIKE 'fa_update' [ RunTime:0.001000s ]
[ 2018-02-06T11:16:56+08:00 ][ sql ] [ SQL ] SELECT * FROM `information_schema`.`columns` WHERE TABLE_SCHEMA = 'fastadmin' AND table_name = 'fa_update' ORDER BY ORDINAL_POSITION [ RunTime:0.013001s ]
[ 2018-02-06T11:19:58+08:00 ][ info ] [ BEHAVIOR ] Run Closure @app_init [ RunTime:0.000000s ]
[ info ] [ LOG ] INIT File
[ 2018-02-06T11:19:58+08:00 ][ info ] [ CACHE ] INIT File
[ 2018-02-06T11:19:58+08:00 ][ info ] [ BEHAVIOR ] Run Closure @app_init [ RunTime:0.010001s ]
[ 2018-02-06T11:19:58+08:00 ][ info ] [ DB ] INIT mysql
[ 2018-02-06T11:19:58+08:00 ][ sql ] [ DB ] CONNECT:[ UseTime:0.004001s ] mysql:host=10.127.1.17;dbname=fastadmin;charset=utf8
[ 2018-02-06T11:19:58+08:00 ][ sql ] [ SQL ] SHOW TABLE STATUS LIKE 'update' [ RunTime:0.002000s ]
[ 2018-02-06T11:19:58+08:00 ][ sql ] [ SQL ] SHOW TABLE STATUS LIKE 'fa_update' [ RunTime:0.001000s ]
[ 2018-02-06T11:20:29+08:00 ][ info ] [ BEHAVIOR ] Run Closure @app_init [ RunTime:0.000000s ]
[ info ] [ LOG ] INIT File
[ 2018-02-06T11:20:29+08:00 ][ info ] [ CACHE ] INIT File
[ 2018-02-06T11:20:29+08:00 ][ info ] [ BEHAVIOR ] Run Closure @app_init [ RunTime:0.010001s ]
[ 2018-02-06T11:20:29+08:00 ][ info ] [ DB ] INIT mysql
[ 2018-02-06T11:20:29+08:00 ][ sql ] [ DB ] CONNECT:[ UseTime:0.003000s ] mysql:host=10.127.1.17;dbname=fastadmin;charset=utf8
[ 2018-02-06T11:20:29+08:00 ][ sql ] [ SQL ] SHOW TABLE STATUS LIKE 'update' [ RunTime:0.001001s ]
[ 2018-02-06T11:20:29+08:00 ][ sql ] [ SQL ] SHOW TABLE STATUS LIKE 'fa_update' [ RunTime:0.001000s ]
[ 2018-02-06T11:20:29+08:00 ][ sql ] [ SQL ] SELECT * FROM `information_schema`.`columns` WHERE TABLE_SCHEMA = 'fastadmin' AND table_name = 'fa_update' ORDER BY ORDINAL_POSITION [ RunTime:0.021001s ]
[ 2018-02-06T11:22:22+08:00 ][ info ] [ BEHAVIOR ] Run Closure @app_init [ RunTime:0.000000s ]
[ info ] [ LOG ] INIT File
[ 2018-02-06T11:22:22+08:00 ][ info ] [ CACHE ] INIT File
[ 2018-02-06T11:22:22+08:00 ][ info ] [ BEHAVIOR ] Run Closure @app_init [ RunTime:0.024001s ]
[ 2018-02-06T11:22:22+08:00 ][ info ] [ DB ] INIT mysql
[ 2018-02-06T11:22:22+08:00 ][ sql ] [ DB ] CONNECT:[ UseTime:0.000000s ] mysql:host=10.127.1.17;dbname=fastadmin;charset=utf8
[ 2018-02-06T11:22:22+08:00 ][ sql ] [ SQL ] SHOW TABLE STATUS LIKE 'update' [ RunTime:0.000000s ]
[ 2018-02-06T11:22:22+08:00 ][ sql ] [ SQL ] SHOW TABLE STATUS LIKE 'fa_update' [ RunTime:0.000000s ]
[ 2018-02-06T11:22:31+08:00 ][ info ] [ BEHAVIOR ] Run Closure @app_init [ RunTime:0.000000s ]
[ info ] [ LOG ] INIT File
[ 2018-02-06T11:22:31+08:00 ][ info ] [ CACHE ] INIT File
[ 2018-02-06T11:22:31+08:00 ][ info ] [ BEHAVIOR ] Run Closure @app_init [ RunTime:0.006000s ]
[ 2018-02-06T11:22:31+08:00 ][ info ] [ DB ] INIT mysql
[ 2018-02-06T11:22:31+08:00 ][ sql ] [ DB ] CONNECT:[ UseTime:0.009000s ] mysql:host=10.127.1.17;dbname=fastadmin;charset=utf8
[ 2018-02-06T11:22:31+08:00 ][ sql ] [ SQL ] SHOW TABLE STATUS LIKE 'update' [ RunTime:0.001000s ]
[ 2018-02-06T11:22:31+08:00 ][ sql ] [ SQL ] SHOW TABLE STATUS LIKE 'fa_update' [ RunTime:0.001000s ]
[ 2018-02-06T11:22:56+08:00 ][ info ] [ BEHAVIOR ] Run Closure @app_init [ RunTime:0.000000s ]
[ info ] [ LOG ] INIT File
[ 2018-02-06T11:22:56+08:00 ][ info ] [ CACHE ] INIT File
[ 2018-02-06T11:22:56+08:00 ][ info ] [ BEHAVIOR ] Run Closure @app_init [ RunTime:0.010001s ]
[ 2018-02-06T11:22:56+08:00 ][ info ] [ DB ] INIT mysql
[ 2018-02-06T11:22:56+08:00 ][ sql ] [ DB ] CONNECT:[ UseTime:0.003001s ] mysql:host=10.127.1.17;dbname=fastadmin;charset=utf8
[ 2018-02-06T11:22:56+08:00 ][ sql ] [ SQL ] SHOW TABLE STATUS LIKE 'update' [ RunTime:0.001000s ]
[ 2018-02-06T11:22:56+08:00 ][ sql ] [ SQL ] SHOW TABLE STATUS LIKE 'fa_update' [ RunTime:0.000000s ]
[ 2018-02-06T11:22:56+08:00 ][ sql ] [ SQL ] SELECT * FROM `information_schema`.`columns` WHERE TABLE_SCHEMA = 'fastadmin' AND table_name = 'fa_update' ORDER BY ORDINAL_POSITION [ RunTime:0.037601s ]
[ 2018-02-06T14:43:28+08:00 ][ info ] [ BEHAVIOR ] Run Closure @app_init [ RunTime:0.001000s ]
[ info ] [ LOG ] INIT File
[ 2018-02-06T14:43:28+08:00 ][ info ] [ CACHE ] INIT File
[ 2018-02-06T14:43:28+08:00 ][ info ] [ BEHAVIOR ] Run Closure @app_init [ RunTime:0.010001s ]
[ 2018-02-06T14:43:28+08:00 ][ info ] [ DB ] INIT mysql
[ 2018-02-06T14:43:28+08:00 ][ sql ] [ DB ] CONNECT:[ UseTime:0.003000s ] mysql:host=10.127.1.17;dbname=fastadmin;charset=utf8
[ 2018-02-06T14:43:28+08:00 ][ sql ] [ SQL ] SHOW TABLE STATUS LIKE 'update' [ RunTime:0.001000s ]
[ 2018-02-06T14:43:28+08:00 ][ sql ] [ SQL ] SHOW TABLE STATUS LIKE 'fa_update' [ RunTime:0.002000s ]
[ 2018-02-06T14:43:40+08:00 ][ info ] [ BEHAVIOR ] Run Closure @app_init [ RunTime:0.000000s ]
[ info ] [ LOG ] INIT File
[ 2018-02-06T14:43:40+08:00 ][ info ] [ CACHE ] INIT File
[ 2018-02-06T14:43:40+08:00 ][ info ] [ BEHAVIOR ] Run Closure @app_init [ RunTime:0.010001s ]
[ 2018-02-06T14:43:40+08:00 ][ info ] [ DB ] INIT mysql
[ 2018-02-06T14:43:40+08:00 ][ sql ] [ DB ] CONNECT:[ UseTime:0.004000s ] mysql:host=10.127.1.17;dbname=fastadmin;charset=utf8
[ 2018-02-06T14:43:40+08:00 ][ sql ] [ SQL ] SHOW TABLE STATUS LIKE 'update' [ RunTime:0.001001s ]
[ 2018-02-06T14:43:40+08:00 ][ sql ] [ SQL ] SHOW TABLE STATUS LIKE 'fa_update' [ RunTime:0.001000s ]
[ 2018-02-06T14:43:46+08:00 ][ info ] [ BEHAVIOR ] Run Closure @app_init [ RunTime:0.000000s ]
[ info ] [ LOG ] INIT File
[ 2018-02-06T14:43:46+08:00 ][ info ] [ CACHE ] INIT File
[ 2018-02-06T14:43:46+08:00 ][ info ] [ BEHAVIOR ] Run Closure @app_init [ RunTime:0.010001s ]
[ 2018-02-06T14:43:46+08:00 ][ info ] [ DB ] INIT mysql
[ 2018-02-06T14:43:46+08:00 ][ sql ] [ DB ] CONNECT:[ UseTime:0.003000s ] mysql:host=10.127.1.17;dbname=fastadmin;charset=utf8
[ 2018-02-06T14:43:46+08:00 ][ sql ] [ SQL ] SHOW TABLE STATUS LIKE 'update' [ RunTime:0.001000s ]
[ 2018-02-06T14:43:46+08:00 ][ sql ] [ SQL ] SHOW TABLE STATUS LIKE 'fa_update' [ RunTime:0.000000s ]
[ 2018-02-06T14:43:46+08:00 ][ sql ] [ SQL ] SELECT * FROM `information_schema`.`columns` WHERE TABLE_SCHEMA = 'fastadmin' AND table_name = 'fa_update' ORDER BY ORDINAL_POSITION [ RunTime:0.032002s ]
[ 2018-02-06T16:41:32+08:00 ][ info ] [ BEHAVIOR ] Run Closure @app_init [ RunTime:0.000000s ]
[ info ] [ LOG ] INIT File
[ 2018-02-06T16:41:32+08:00 ][ info ] [ CACHE ] INIT File
[ 2018-02-06T16:41:32+08:00 ][ info ] [ BEHAVIOR ] Run Closure @app_init [ RunTime:0.061004s ]
[ 2018-02-06T16:41:32+08:00 ][ info ] [ DB ] INIT mysql
[ 2018-02-06T16:41:32+08:00 ][ sql ] [ DB ] CONNECT:[ UseTime:0.003000s ] mysql:host=10.127.1.17;dbname=fastadmin;charset=utf8
[ 2018-02-06T16:41:32+08:00 ][ sql ] [ SQL ] SHOW TABLE STATUS LIKE 'teachingeassessment' [ RunTime:0.001000s ]
[ 2018-02-06T16:41:32+08:00 ][ sql ] [ SQL ] SHOW TABLE STATUS LIKE 'fa_teachingeassessment' [ RunTime:0.001000s ]
[ 2018-02-06T16:41:32+08:00 ][ sql ] [ SQL ] SELECT * FROM `information_schema`.`columns` WHERE TABLE_SCHEMA = 'fastadmin' AND table_name = 'fa_teachingeassessment' ORDER BY ORDINAL_POSITION [ RunTime:0.013001s ]
[ 2018-02-06T16:44:05+08:00 ][ info ] [ BEHAVIOR ] Run Closure @app_init [ RunTime:0.000000s ]
[ info ] [ LOG ] INIT File
[ 2018-02-06T16:44:05+08:00 ][ info ] [ CACHE ] INIT File
[ 2018-02-06T16:44:05+08:00 ][ info ] [ BEHAVIOR ] Run Closure @app_init [ RunTime:0.009001s ]
[ 2018-02-06T16:44:05+08:00 ][ info ] [ DB ] INIT mysql
[ 2018-02-06T16:44:05+08:00 ][ info ] [ LANG ] C:\Users\root\PhpstormProjects\supervisor\fastadmin\application\admin\lang/zh-cn.php
[ 2018-02-06T16:44:05+08:00 ][ sql ] [ DB ] CONNECT:[ UseTime:0.003000s ] mysql:host=10.127.1.17;dbname=fastadmin;charset=utf8
[ 2018-02-06T16:44:05+08:00 ][ sql ] [ SQL ] SHOW COLUMNS FROM `fa_auth_rule` [ RunTime:0.016001s ]
[ 2018-02-06T16:44:05+08:00 ][ sql ] [ SQL ] SELECT * FROM `fa_auth_rule` WHERE  `name` = 'teachingeassessment' LIMIT 1 [ RunTime:0.001001s ]
[ 2018-02-06T16:44:05+08:00 ][ sql ] [ SQL ] INSERT INTO `fa_auth_rule` (`pid` , `name` , `title` , `icon` , `remark` , `ismenu` , `status` , `createtime` , `updatetime`) VALUES (0 , 'teachingeassessment' , '教师评价' , 'fa fa-circle-o' , '' , 1 , 'normal' , 1517906645 , 1517906645) [ RunTime:0.002000s ]
[ 2018-02-06T16:44:05+08:00 ][ sql ] [ SQL ] INSERT INTO `fa_auth_rule` (`pid` , `name` , `icon` , `title` , `ismenu` , `status` , `createtime` , `updatetime`) VALUES (150 , 'teachingeassessment/index' , 'fa fa-circle-o' , '查看' , 0 , 'normal' , 1517906645 , 1517906645) [ RunTime:0.001000s ]
[ 2018-02-06T16:44:05+08:00 ][ sql ] [ SQL ] INSERT INTO `fa_auth_rule` (`pid` , `name` , `icon` , `title` , `ismenu` , `status` , `createtime` , `updatetime`) VALUES (150 , 'teachingeassessment/recyclebin' , 'fa fa-circle-o' , '回收站' , 0 , 'normal' , 1517906645 , 1517906645) [ RunTime:0.001001s ]
[ 2018-02-06T16:44:05+08:00 ][ sql ] [ SQL ] INSERT INTO `fa_auth_rule` (`pid` , `name` , `icon` , `title` , `ismenu` , `status` , `createtime` , `updatetime`) VALUES (150 , 'teachingeassessment/add' , 'fa fa-circle-o' , '添加' , 0 , 'normal' , 1517906645 , 1517906645) [ RunTime:0.001000s ]
[ 2018-02-06T16:44:05+08:00 ][ sql ] [ SQL ] INSERT INTO `fa_auth_rule` (`pid` , `name` , `icon` , `title` , `ismenu` , `status` , `createtime` , `updatetime`) VALUES (150 , 'teachingeassessment/edit' , 'fa fa-circle-o' , '编辑' , 0 , 'normal' , 1517906645 , 1517906645) [ RunTime:0.001000s ]
[ 2018-02-06T16:44:05+08:00 ][ sql ] [ SQL ] INSERT INTO `fa_auth_rule` (`pid` , `name` , `icon` , `title` , `ismenu` , `status` , `createtime` , `updatetime`) VALUES (150 , 'teachingeassessment/del' , 'fa fa-circle-o' , '删除' , 0 , 'normal' , 1517906645 , 1517906645) [ RunTime:0.001000s ]
[ 2018-02-06T16:44:05+08:00 ][ sql ] [ SQL ] INSERT INTO `fa_auth_rule` (`pid` , `name` , `icon` , `title` , `ismenu` , `status` , `createtime` , `updatetime`) VALUES (150 , 'teachingeassessment/destroy' , 'fa fa-circle-o' , '真实删除' , 0 , 'normal' , 1517906645 , 1517906645) [ RunTime:0.001000s ]
[ 2018-02-06T16:44:05+08:00 ][ sql ] [ SQL ] INSERT INTO `fa_auth_rule` (`pid` , `name` , `icon` , `title` , `ismenu` , `status` , `createtime` , `updatetime`) VALUES (150 , 'teachingeassessment/restore' , 'fa fa-circle-o' , '还原' , 0 , 'normal' , 1517906645 , 1517906645) [ RunTime:0.000000s ]
[ 2018-02-06T16:44:05+08:00 ][ sql ] [ SQL ] INSERT INTO `fa_auth_rule` (`pid` , `name` , `icon` , `title` , `ismenu` , `status` , `createtime` , `updatetime`) VALUES (150 , 'teachingeassessment/multi' , 'fa fa-circle-o' , '批量更新' , 0 , 'normal' , 1517906645 , 1517906645) [ RunTime:0.001000s ]
[ 2018-02-06T17:08:05+08:00 ][ info ] [ BEHAVIOR ] Run Closure @app_init [ RunTime:0.000000s ]
[ info ] [ LOG ] INIT File
[ 2018-02-06T17:08:05+08:00 ][ info ] [ CACHE ] INIT File
[ 2018-02-06T17:08:05+08:00 ][ info ] [ BEHAVIOR ] Run Closure @app_init [ RunTime:0.009001s ]
[ 2018-02-06T17:08:05+08:00 ][ info ] [ DB ] INIT mysql
[ 2018-02-06T17:08:05+08:00 ][ sql ] [ DB ] CONNECT:[ UseTime:0.005000s ] mysql:host=10.127.1.17;dbname=fastadmin;charset=utf8
[ 2018-02-06T17:08:05+08:00 ][ sql ] [ SQL ] SHOW TABLE STATUS LIKE 'teachertimetable' [ RunTime:0.002000s ]
[ 2018-02-06T17:08:05+08:00 ][ sql ] [ SQL ] SHOW TABLE STATUS LIKE 'fa_teachertimetable' [ RunTime:0.001001s ]
[ 2018-02-06T17:08:05+08:00 ][ sql ] [ SQL ] SELECT * FROM `information_schema`.`columns` WHERE TABLE_SCHEMA = 'fastadmin' AND table_name = 'fa_teachertimetable' ORDER BY ORDINAL_POSITION [ RunTime:0.022001s ]
[ 2018-02-06T17:08:15+08:00 ][ info ] [ BEHAVIOR ] Run Closure @app_init [ RunTime:0.001000s ]
[ info ] [ LOG ] INIT File
[ 2018-02-06T17:08:15+08:00 ][ info ] [ CACHE ] INIT File
[ 2018-02-06T17:08:15+08:00 ][ info ] [ BEHAVIOR ] Run Closure @app_init [ RunTime:0.011001s ]
[ 2018-02-06T17:08:15+08:00 ][ info ] [ DB ] INIT mysql
[ 2018-02-06T17:08:15+08:00 ][ info ] [ LANG ] C:\Users\root\PhpstormProjects\supervisor\fastadmin\application\admin\lang/zh-cn.php
[ 2018-02-06T17:08:15+08:00 ][ sql ] [ DB ] CONNECT:[ UseTime:0.012000s ] mysql:host=10.127.1.17;dbname=fastadmin;charset=utf8
[ 2018-02-06T17:08:15+08:00 ][ sql ] [ SQL ] SHOW COLUMNS FROM `fa_auth_rule` [ RunTime:0.038003s ]
[ 2018-02-06T17:08:15+08:00 ][ sql ] [ SQL ] SELECT * FROM `fa_auth_rule` WHERE  `name` = 'teachertimetable' LIMIT 1 [ RunTime:0.001000s ]
[ 2018-02-06T17:08:15+08:00 ][ sql ] [ SQL ] INSERT INTO `fa_auth_rule` (`pid` , `name` , `title` , `icon` , `remark` , `ismenu` , `status` , `createtime` , `updatetime`) VALUES (0 , 'teachertimetable' , '教学检查结果' , 'fa fa-circle-o' , '' , 1 , 'normal' , 1517908095 , 1517908095) [ RunTime:0.006000s ]
[ 2018-02-06T17:08:15+08:00 ][ sql ] [ SQL ] INSERT INTO `fa_auth_rule` (`pid` , `name` , `icon` , `title` , `ismenu` , `status` , `createtime` , `updatetime`) VALUES (159 , 'teachertimetable/index' , 'fa fa-circle-o' , '查看' , 0 , 'normal' , 1517908095 , 1517908095) [ RunTime:0.000000s ]
[ 2018-02-06T17:08:15+08:00 ][ sql ] [ SQL ] INSERT INTO `fa_auth_rule` (`pid` , `name` , `icon` , `title` , `ismenu` , `status` , `createtime` , `updatetime`) VALUES (159 , 'teachertimetable/recyclebin' , 'fa fa-circle-o' , '回收站' , 0 , 'normal' , 1517908095 , 1517908095) [ RunTime:0.001000s ]
[ 2018-02-06T17:08:15+08:00 ][ sql ] [ SQL ] INSERT INTO `fa_auth_rule` (`pid` , `name` , `icon` , `title` , `ismenu` , `status` , `createtime` , `updatetime`) VALUES (159 , 'teachertimetable/add' , 'fa fa-circle-o' , '添加' , 0 , 'normal' , 1517908095 , 1517908095) [ RunTime:0.000000s ]
[ 2018-02-06T17:08:15+08:00 ][ sql ] [ SQL ] INSERT INTO `fa_auth_rule` (`pid` , `name` , `icon` , `title` , `ismenu` , `status` , `createtime` , `updatetime`) VALUES (159 , 'teachertimetable/edit' , 'fa fa-circle-o' , '编辑' , 0 , 'normal' , 1517908095 , 1517908095) [ RunTime:0.000000s ]
[ 2018-02-06T17:08:15+08:00 ][ sql ] [ SQL ] INSERT INTO `fa_auth_rule` (`pid` , `name` , `icon` , `title` , `ismenu` , `status` , `createtime` , `updatetime`) VALUES (159 , 'teachertimetable/del' , 'fa fa-circle-o' , '删除' , 0 , 'normal' , 1517908095 , 1517908095) [ RunTime:0.002000s ]
[ 2018-02-06T17:08:15+08:00 ][ sql ] [ SQL ] INSERT INTO `fa_auth_rule` (`pid` , `name` , `icon` , `title` , `ismenu` , `status` , `createtime` , `updatetime`) VALUES (159 , 'teachertimetable/destroy' , 'fa fa-circle-o' , '真实删除' , 0 , 'normal' , 1517908095 , 1517908095) [ RunTime:0.001000s ]
[ 2018-02-06T17:08:15+08:00 ][ sql ] [ SQL ] INSERT INTO `fa_auth_rule` (`pid` , `name` , `icon` , `title` , `ismenu` , `status` , `createtime` , `updatetime`) VALUES (159 , 'teachertimetable/restore' , 'fa fa-circle-o' , '还原' , 0 , 'normal' , 1517908095 , 1517908095) [ RunTime:0.000000s ]
[ 2018-02-06T17:08:15+08:00 ][ sql ] [ SQL ] INSERT INTO `fa_auth_rule` (`pid` , `name` , `icon` , `title` , `ismenu` , `status` , `createtime` , `updatetime`) VALUES (159 , 'teachertimetable/multi' , 'fa fa-circle-o' , '批量更新' , 0 , 'normal' , 1517908095 , 1517908095) [ RunTime:0.000000s ]
