---------------------------------------------------------------
[ 2018-01-17T11:38:19+08:00 ] ::1 ::1 GET /fastadmin/public/admin/ajax/wipecache?_=1516159406162
[ info ] localhost:9096/fastadmin/public/admin/ajax/wipecache?_=1516159406162 [运行时间：0.081005s][吞吐率：12.34req/s] [内存消耗：2,711.45kb] [文件加载：73]
[ info ] [ BEHAVIOR ] Run Closure @app_init [ RunTime:0.000000s ]
[ info ] [ CACHE ] INIT File
[ info ] [ BEHAVIOR ] Run Closure @app_init [ RunTime:0.003000s ]
[ info ] [ LANG ] E:\phpStudy\WWW\fastadmin\thinkphp\lang\zh-cn.php
[ info ] [ ROUTE ] array (
  'type' => 'module',
  'module' => 
  array (
    0 => 'admin',
    1 => 'ajax',
    2 => 'wipecache',
  ),
)
[ info ] [ HEADER ] array (
  'host' => 'localhost:9096',
  'user-agent' => 'Mozilla/5.0 (Windows NT 6.1; Win64; x64; rv:57.0) Gecko/20100101 Firefox/57.0',
  'accept' => 'application/json, text/javascript, */*; q=0.01',
  'accept-language' => 'zh-CN,zh;q=0.8,zh-TW;q=0.7,zh-HK;q=0.5,en-US;q=0.3,en;q=0.2',
  'accept-encoding' => 'gzip, deflate',
  'referer' => 'http://localhost:9096/fastadmin/public/admin/addon?ref=addtabs',
  'x-requested-with' => 'XMLHttpRequest',
  'cookie' => 'Hm_lvt_f8d0a8c400404989e195270b0bbf060a=1515918971,1516157197,1516159493; Phpstorm-4d4a1897=033c7367-76ac-4855-8262-504438ddb470; PHPSESSID=khf2tmnlvp2nr8f6avntob9gg1; Hm_lpvt_f8d0a8c400404989e195270b0bbf060a=1516159493',
  'connection' => 'keep-alive',
)
[ info ] [ PARAM ] array (
  '_' => '1516159406162',
)
[ info ] [ LANG ] E:\phpStudy\WWW\fastadmin\public/../application/admin\lang\zh-cn.php
[ info ] [ BEHAVIOR ] Run app\common\behavior\Common @module_init [ RunTime:0.000000s ]
[ info ] [ SESSION ] INIT array (
  'id' => '',
  'var_session_id' => '',
  'prefix' => 'think',
  'type' => '',
  'auto_start' => true,
)
[ info ] [ BEHAVIOR ] Run \addons\upload\Upload @upload_config_init [ RunTime:0.000000s ]
[ info ] [ RUN ] app\admin\controller\Ajax->wipecache[ E:\phpStudy\WWW\fastadmin\application\admin\controller\Ajax.php ]
[ info ] [ BEHAVIOR ] Run app\admin\behavior\AdminLog @app_end [ RunTime:0.001000s ]
[ info ] [ LOG ] INIT File
---------------------------------------------------------------
[ 2018-01-17T11:38:24+08:00 ] ::1 ::1 GET /fastadmin/public/
[ info ] localhost:9096/fastadmin/public/ [运行时间：0.065400s][吞吐率：15.29req/s] [内存消耗：2,498.70kb] [文件加载：67]
[ info ] [ BEHAVIOR ] Run Closure @app_init [ RunTime:0.000000s ]
[ info ] [ CACHE ] INIT File
[ info ] [ BEHAVIOR ] Run Closure @app_init [ RunTime:0.000000s ]
[ info ] [ LANG ] E:\phpStudy\WWW\fastadmin\thinkphp\lang\zh-cn.php
[ info ] [ ROUTE ] array (
  'type' => 'module',
  'module' => 
  array (
    0 => '',
    1 => NULL,
    2 => NULL,
  ),
)
[ info ] [ HEADER ] array (
  'host' => 'localhost:9096',
  'user-agent' => 'Mozilla/5.0 (Windows NT 6.1; Win64; x64; rv:57.0) Gecko/20100101 Firefox/57.0',
  'accept' => 'text/html,application/xhtml+xml,application/xml;q=0.9,*/*;q=0.8',
  'accept-language' => 'zh-CN,zh;q=0.8,zh-TW;q=0.7,zh-HK;q=0.5,en-US;q=0.3,en;q=0.2',
  'accept-encoding' => 'gzip, deflate',
  'referer' => 'http://localhost:9096/fastadmin/public/admin/addon?ref=addtabs',
  'cookie' => 'Hm_lvt_f8d0a8c400404989e195270b0bbf060a=1515918971,1516157197,1516159493; Phpstorm-4d4a1897=033c7367-76ac-4855-8262-504438ddb470; PHPSESSID=khf2tmnlvp2nr8f6avntob9gg1; Hm_lpvt_f8d0a8c400404989e195270b0bbf060a=1516159493',
  'connection' => 'keep-alive',
  'upgrade-insecure-requests' => '1',
)
[ info ] [ PARAM ] array (
)
[ info ] [ LANG ] E:\phpStudy\WWW\fastadmin\public/../application/index\lang\zh-cn.php
[ info ] [ BEHAVIOR ] Run app\common\behavior\Common @module_init [ RunTime:0.000000s ]
[ info ] [ BEHAVIOR ] Run \addons\upload\Upload @upload_config_init [ RunTime:0.000000s ]
[ info ] [ LANG ] E:\phpStudy\WWW\fastadmin\public/../application/index/lang/zh-cn/index.php
[ info ] [ RUN ] app\index\controller\Index->index[ E:\phpStudy\WWW\fastadmin\application\index\controller\Index.php ]
[ info ] [ VIEW ] E:\phpStudy\WWW\fastadmin\public/../application/index\view\index\index.html [ array (
  0 => 'site',
  1 => 'config',
) ]
[ info ] [ LOG ] INIT File
---------------------------------------------------------------
[ 2018-01-17T11:38:45+08:00 ] ::1 ::1 GET /fastadmin/public/admin/addon/config?name=upload&dialog=1
[ info ] localhost:9096/fastadmin/public/admin/addon/config?name=upload&dialog=1 [运行时间：1.116064s][吞吐率：0.90req/s] [内存消耗：3,824.03kb] [文件加载：83]
[ info ] [ BEHAVIOR ] Run Closure @app_init [ RunTime:0.000000s ]
[ info ] [ CACHE ] INIT File
[ info ] [ BEHAVIOR ] Run Closure @app_init [ RunTime:0.004000s ]
[ info ] [ LANG ] E:\phpStudy\WWW\fastadmin\thinkphp\lang\zh-cn.php
[ info ] [ ROUTE ] array (
  'type' => 'module',
  'module' => 
  array (
    0 => 'admin',
    1 => 'addon',
    2 => 'config',
  ),
)
[ info ] [ HEADER ] array (
  'host' => 'localhost:9096',
  'user-agent' => 'Mozilla/5.0 (Windows NT 6.1; Win64; x64; rv:57.0) Gecko/20100101 Firefox/57.0',
  'accept' => 'text/html,application/xhtml+xml,application/xml;q=0.9,*/*;q=0.8',
  'accept-language' => 'zh-CN,zh;q=0.8,zh-TW;q=0.7,zh-HK;q=0.5,en-US;q=0.3,en;q=0.2',
  'accept-encoding' => 'gzip, deflate',
  'referer' => 'http://localhost:9096/fastadmin/public/admin/addon?addtabs=1',
  'cookie' => 'Hm_lvt_f8d0a8c400404989e195270b0bbf060a=1515918971,1516157197,1516159493; Phpstorm-4d4a1897=033c7367-76ac-4855-8262-504438ddb470; PHPSESSID=khf2tmnlvp2nr8f6avntob9gg1; Hm_lpvt_f8d0a8c400404989e195270b0bbf060a=1516160305',
  'connection' => 'keep-alive',
  'upgrade-insecure-requests' => '1',
)
[ info ] [ PARAM ] array (
  'name' => 'upload',
  'dialog' => '1',
)
[ info ] [ LANG ] E:\phpStudy\WWW\fastadmin\public/../application/admin\lang\zh-cn.php
[ info ] [ BEHAVIOR ] Run app\common\behavior\Common @module_init [ RunTime:0.000000s ]
[ info ] [ SESSION ] INIT array (
  'id' => '',
  'var_session_id' => '',
  'prefix' => 'think',
  'type' => '',
  'auto_start' => true,
)
[ info ] [ DB ] INIT mysql
[ info ] [ BEHAVIOR ] Run \addons\upload\Upload @upload_config_init [ RunTime:0.001000s ]
[ info ] [ LANG ] E:\phpStudy\WWW\fastadmin\public/../application/admin/lang/zh-cn/addon.php
[ info ] [ RUN ] app\admin\controller\Addon->config[ E:\phpStudy\WWW\fastadmin\application\admin\controller\Addon.php ]
[ info ] [ VIEW ] E:\phpStudy\WWW\fastadmin\public/../application/admin\view\addon\config.html [ array (
  0 => 'breadcrumb',
  1 => 'site',
  2 => 'config',
  3 => 'auth',
  4 => 'admin',
  5 => 'addon',
) ]
[ info ] [ BEHAVIOR ] Run app\admin\behavior\AdminLog @app_end [ RunTime:0.000000s ]
[ info ] [ LOG ] INIT File
[ sql ] [ DB ] CONNECT:[ UseTime:1.013057s ] mysql:host=localhost;dbname=fastadmin;charset=utf8
[ sql ] [ SQL ] SHOW COLUMNS FROM `fa_auth_group_access` [ RunTime:0.007001s ]
[ sql ] [ SQL ] SELECT `aga`.`uid`,`aga`.`group_id`,`ag`.`id`,`ag`.`pid`,`ag`.`name`,`ag`.`rules` FROM `fa_auth_group_access` `aga` LEFT JOIN `fa_auth_group` `ag` ON `aga`.`group_id`=`ag`.`id` WHERE  (  aga.uid='1' and ag.status='normal' ) [ RunTime:0.000000s ]
[ sql ] [ SQL ] SHOW COLUMNS FROM `fa_auth_rule` [ RunTime:0.007000s ]
[ sql ] [ SQL ] SELECT `id`,`pid`,`condition`,`icon`,`name`,`title`,`ismenu` FROM `fa_auth_rule` WHERE  `status` = 'normal' [ RunTime:0.001000s ]
---------------------------------------------------------------
[ 2018-01-17T11:38:45+08:00 ] ::1 ::1 GET /fastadmin/public/admin/ajax/lang?callback=define&controllername=addon&v=1516160324
[ info ] localhost:9096/fastadmin/public/admin/ajax/lang?callback=define&controllername=addon&v=1516160324 [运行时间：0.056003s][吞吐率：17.86req/s] [内存消耗：2,714.41kb] [文件加载：73]
[ info ] [ BEHAVIOR ] Run Closure @app_init [ RunTime:0.000000s ]
[ info ] [ CACHE ] INIT File
[ info ] [ BEHAVIOR ] Run Closure @app_init [ RunTime:0.004000s ]
[ info ] [ LANG ] E:\phpStudy\WWW\fastadmin\thinkphp\lang\zh-cn.php
[ info ] [ ROUTE ] array (
  'type' => 'module',
  'module' => 
  array (
    0 => 'admin',
    1 => 'ajax',
    2 => 'lang',
  ),
)
[ info ] [ HEADER ] array (
  'host' => 'localhost:9096',
  'user-agent' => 'Mozilla/5.0 (Windows NT 6.1; Win64; x64; rv:57.0) Gecko/20100101 Firefox/57.0',
  'accept' => '*/*',
  'accept-language' => 'zh-CN,zh;q=0.8,zh-TW;q=0.7,zh-HK;q=0.5,en-US;q=0.3,en;q=0.2',
  'accept-encoding' => 'gzip, deflate',
  'referer' => 'http://localhost:9096/fastadmin/public/admin/addon/config?name=upload&dialog=1',
  'cookie' => 'Hm_lvt_f8d0a8c400404989e195270b0bbf060a=1515918971,1516157197,1516159493; Phpstorm-4d4a1897=033c7367-76ac-4855-8262-504438ddb470; PHPSESSID=khf2tmnlvp2nr8f6avntob9gg1; Hm_lpvt_f8d0a8c400404989e195270b0bbf060a=1516160305',
  'connection' => 'keep-alive',
)
[ info ] [ PARAM ] array (
  'callback' => 'define',
  'controllername' => 'addon',
  'v' => '1516160324',
)
[ info ] [ LANG ] E:\phpStudy\WWW\fastadmin\public/../application/admin\lang\zh-cn.php
[ info ] [ BEHAVIOR ] Run app\common\behavior\Common @module_init [ RunTime:0.000000s ]
[ info ] [ BEHAVIOR ] Run \addons\upload\Upload @upload_config_init [ RunTime:0.000000s ]
[ info ] [ SESSION ] INIT array (
  'id' => '',
  'var_session_id' => '',
  'prefix' => 'think',
  'type' => '',
  'auto_start' => true,
)
[ info ] [ RUN ] app\admin\controller\Ajax->lang[ E:\phpStudy\WWW\fastadmin\application\admin\controller\Ajax.php ]
[ info ] [ LANG ] E:\phpStudy\WWW\fastadmin\public/../application/admin/lang/zh-cn/addon.php
[ info ] [ BEHAVIOR ] Run app\admin\behavior\AdminLog @app_end [ RunTime:0.000000s ]
[ info ] [ LOG ] INIT File
---------------------------------------------------------------
[ 2018-01-17T17:26:23+08:00 ] 127.0.0.1 127.0.0.1 GET /fastadmin/public/?XDEBUG_SESSION_START=17100
[ info ] localhost:9096/fastadmin/public/?XDEBUG_SESSION_START=17100 [运行时间：0.081802s][吞吐率：12.22req/s] [内存消耗：2,339.31kb] [文件加载：65]
[ info ] [ BEHAVIOR ] Run Closure @app_init [ RunTime:0.000000s ]
[ info ] [ CACHE ] INIT File
[ info ] [ BEHAVIOR ] Run Closure @app_init [ RunTime:0.019600s ]
[ info ] [ LANG ] E:\phpStudy\WWW\fastadmin\thinkphp\lang\zh-cn.php
[ info ] [ ROUTE ] array (
  'type' => 'module',
  'module' => 
  array (
    0 => '',
    1 => NULL,
    2 => NULL,
  ),
)
[ info ] [ HEADER ] array (
  'host' => 'localhost:9096',
  'user-agent' => 'Mozilla/5.0 (Windows NT 6.1; Win64; x64; rv:57.0) Gecko/20100101 Firefox/57.0',
  'accept' => 'text/html,application/xhtml+xml,application/xml;q=0.9,*/*;q=0.8',
  'accept-language' => 'zh-CN,zh;q=0.8,zh-TW;q=0.7,zh-HK;q=0.5,en-US;q=0.3,en;q=0.2',
  'accept-encoding' => 'gzip, deflate',
  'cookie' => 'Hm_lvt_f8d0a8c400404989e195270b0bbf060a=1515918971,1516157197,1516159493; Phpstorm-4d4a1897=033c7367-76ac-4855-8262-504438ddb470; PHPSESSID=khf2tmnlvp2nr8f6avntob9gg1; Hm_lpvt_f8d0a8c400404989e195270b0bbf060a=1516160305; _ga=GA1.1.1168175668.1516175940; _gid=GA1.1.1587534083.1516175940',
  'connection' => 'keep-alive',
  'upgrade-insecure-requests' => '1',
)
[ info ] [ PARAM ] array (
  'XDEBUG_SESSION_START' => '17100',
)
[ info ] [ LANG ] E:\phpStudy\WWW\fastadmin\public/../application/index\lang\zh-cn.php
[ info ] [ BEHAVIOR ] Run app\common\behavior\Common @module_init [ RunTime:0.002000s ]
[ info ] [ BEHAVIOR ] Run \addons\upload\Upload @upload_config_init [ RunTime:0.001000s ]
[ info ] [ LANG ] E:\phpStudy\WWW\fastadmin\public/../application/index/lang/zh-cn/index.php
[ info ] [ RUN ] app\index\controller\Index->index[ E:\phpStudy\WWW\fastadmin\application\index\controller\Index.php ]
[ info ] [ VIEW ] E:\phpStudy\WWW\fastadmin\public/../application/index\view\index\index.html [ array (
  0 => 'site',
  1 => 'config',
) ]
[ info ] [ LOG ] INIT File
---------------------------------------------------------------
[ 2018-01-17T17:26:52+08:00 ] 127.0.0.1 127.0.0.1 GET /fastadmin/public/
[ info ] localhost:9096/fastadmin/public/ [运行时间：0.052003s][吞吐率：19.23req/s] [内存消耗：2,339.07kb] [文件加载：65]
[ info ] [ BEHAVIOR ] Run Closure @app_init [ RunTime:0.000000s ]
[ info ] [ CACHE ] INIT File
[ info ] [ BEHAVIOR ] Run Closure @app_init [ RunTime:0.004001s ]
[ info ] [ LANG ] E:\phpStudy\WWW\fastadmin\thinkphp\lang\zh-cn.php
[ info ] [ ROUTE ] array (
  'type' => 'module',
  'module' => 
  array (
    0 => '',
    1 => NULL,
    2 => NULL,
  ),
)
[ info ] [ HEADER ] array (
  'host' => 'localhost:9096',
  'user-agent' => 'Mozilla/5.0 (Windows NT 6.1; Win64; x64; rv:57.0) Gecko/20100101 Firefox/57.0',
  'accept' => 'text/html,application/xhtml+xml,application/xml;q=0.9,*/*;q=0.8',
  'accept-language' => 'zh-CN,zh;q=0.8,zh-TW;q=0.7,zh-HK;q=0.5,en-US;q=0.3,en;q=0.2',
  'accept-encoding' => 'gzip, deflate',
  'cookie' => 'Hm_lvt_f8d0a8c400404989e195270b0bbf060a=1515918971,1516157197,1516159493; Phpstorm-4d4a1897=033c7367-76ac-4855-8262-504438ddb470; PHPSESSID=khf2tmnlvp2nr8f6avntob9gg1; Hm_lpvt_f8d0a8c400404989e195270b0bbf060a=1516181184; _ga=GA1.1.1168175668.1516175940; _gid=GA1.1.1587534083.1516175940',
  'connection' => 'keep-alive',
  'upgrade-insecure-requests' => '1',
)
[ info ] [ PARAM ] array (
)
[ info ] [ LANG ] E:\phpStudy\WWW\fastadmin\public/../application/index\lang\zh-cn.php
[ info ] [ BEHAVIOR ] Run app\common\behavior\Common @module_init [ RunTime:0.002000s ]
[ info ] [ BEHAVIOR ] Run \addons\upload\Upload @upload_config_init [ RunTime:0.001000s ]
[ info ] [ LANG ] E:\phpStudy\WWW\fastadmin\public/../application/index/lang/zh-cn/index.php
[ info ] [ RUN ] app\index\controller\Index->index[ E:\phpStudy\WWW\fastadmin\application\index\controller\Index.php ]
[ info ] [ VIEW ] E:\phpStudy\WWW\fastadmin\public/../application/index\view\index\index.html [ array (
  0 => 'site',
  1 => 'config',
) ]
[ info ] [ LOG ] INIT File
---------------------------------------------------------------
[ 2018-01-17T17:26:56+08:00 ] 127.0.0.1 127.0.0.1 GET /fastadmin/public/admin/index/login.html
[ info ] localhost:9096/fastadmin/public/admin/index/login.html [运行时间：0.073202s][吞吐率：13.66req/s] [内存消耗：2,821.13kb] [文件加载：76]
[ info ] [ BEHAVIOR ] Run Closure @app_init [ RunTime:0.000000s ]
[ info ] [ CACHE ] INIT File
[ info ] [ BEHAVIOR ] Run Closure @app_init [ RunTime:0.004000s ]
[ info ] [ LANG ] E:\phpStudy\WWW\fastadmin\thinkphp\lang\zh-cn.php
[ info ] [ ROUTE ] array (
  'type' => 'module',
  'module' => 
  array (
    0 => 'admin',
    1 => 'index',
    2 => 'login',
  ),
)
[ info ] [ HEADER ] array (
  'host' => 'localhost:9096',
  'user-agent' => 'Mozilla/5.0 (Windows NT 6.1; Win64; x64; rv:57.0) Gecko/20100101 Firefox/57.0',
  'accept' => 'text/html,application/xhtml+xml,application/xml;q=0.9,*/*;q=0.8',
  'accept-language' => 'zh-CN,zh;q=0.8,zh-TW;q=0.7,zh-HK;q=0.5,en-US;q=0.3,en;q=0.2',
  'accept-encoding' => 'gzip, deflate',
  'referer' => 'http://localhost:9096/fastadmin/public/',
  'cookie' => 'Hm_lvt_f8d0a8c400404989e195270b0bbf060a=1515918971,1516157197,1516159493; Phpstorm-4d4a1897=033c7367-76ac-4855-8262-504438ddb470; PHPSESSID=khf2tmnlvp2nr8f6avntob9gg1; Hm_lpvt_f8d0a8c400404989e195270b0bbf060a=1516181213; _ga=GA1.1.1168175668.1516175940; _gid=GA1.1.1587534083.1516175940',
  'connection' => 'keep-alive',
  'upgrade-insecure-requests' => '1',
)
[ info ] [ PARAM ] array (
)
[ info ] [ LANG ] E:\phpStudy\WWW\fastadmin\public/../application/admin\lang\zh-cn.php
[ info ] [ BEHAVIOR ] Run app\common\behavior\Common @module_init [ RunTime:0.000000s ]
[ info ] [ BEHAVIOR ] Run \addons\upload\Upload @upload_config_init [ RunTime:0.001000s ]
[ info ] [ SESSION ] INIT array (
  'id' => '',
  'var_session_id' => '',
  'prefix' => 'think',
  'type' => '',
  'auto_start' => true,
)
[ info ] [ LANG ] E:\phpStudy\WWW\fastadmin\public/../application/admin/lang/zh-cn/index.php
[ info ] [ RUN ] app\admin\controller\Index->login[ E:\phpStudy\WWW\fastadmin\application\admin\controller\Index.php ]
[ info ] [ VIEW ] E:\phpStudy\WWW\fastadmin\public/../application/common\view\tpl\dispatch_jump.tpl [ array (
  0 => 'breadcrumb',
  1 => 'site',
  2 => 'config',
  3 => 'auth',
  4 => 'admin',
  5 => 'code',
  6 => 'msg',
  7 => 'data',
  8 => 'url',
  9 => 'wait',
) ]
[ info ] [ BEHAVIOR ] Run app\admin\behavior\AdminLog @app_end [ RunTime:0.000000s ]
[ info ] [ LOG ] INIT File
---------------------------------------------------------------
[ 2018-01-17T17:27:00+08:00 ] 127.0.0.1 127.0.0.1 GET /fastadmin/public/admin/index/index
[ info ] localhost:9096/fastadmin/public/admin/index/index [运行时间：1.860287s][吞吐率：0.54req/s] [内存消耗：3,950.41kb] [文件加载：94]
[ info ] [ BEHAVIOR ] Run Closure @app_init [ RunTime:0.000000s ]
[ info ] [ CACHE ] INIT File
[ info ] [ BEHAVIOR ] Run Closure @app_init [ RunTime:0.000000s ]
[ info ] [ LANG ] E:\phpStudy\WWW\fastadmin\thinkphp\lang\zh-cn.php
[ info ] [ ROUTE ] array (
  'type' => 'module',
  'module' => 
  array (
    0 => 'admin',
    1 => 'index',
    2 => 'index',
  ),
)
[ info ] [ HEADER ] array (
  'host' => 'localhost:9096',
  'user-agent' => 'Mozilla/5.0 (Windows NT 6.1; Win64; x64; rv:57.0) Gecko/20100101 Firefox/57.0',
  'accept' => 'text/html,application/xhtml+xml,application/xml;q=0.9,*/*;q=0.8',
  'accept-language' => 'zh-CN,zh;q=0.8,zh-TW;q=0.7,zh-HK;q=0.5,en-US;q=0.3,en;q=0.2',
  'accept-encoding' => 'gzip, deflate',
  'referer' => 'http://localhost:9096/fastadmin/public/admin/index/login.html',
  'cookie' => 'Hm_lvt_f8d0a8c400404989e195270b0bbf060a=1515918971,1516157197,1516159493; Phpstorm-4d4a1897=033c7367-76ac-4855-8262-504438ddb470; PHPSESSID=khf2tmnlvp2nr8f6avntob9gg1; Hm_lpvt_f8d0a8c400404989e195270b0bbf060a=1516181213; _ga=GA1.1.1168175668.1516175940; _gid=GA1.1.1587534083.1516175940',
  'connection' => 'keep-alive',
  'upgrade-insecure-requests' => '1',
)
[ info ] [ PARAM ] array (
)
[ info ] [ LANG ] E:\phpStudy\WWW\fastadmin\public/../application/admin\lang\zh-cn.php
[ info ] [ BEHAVIOR ] Run app\common\behavior\Common @module_init [ RunTime:0.000000s ]
[ info ] [ SESSION ] INIT array (
  'id' => '',
  'var_session_id' => '',
  'prefix' => 'think',
  'type' => '',
  'auto_start' => true,
)
[ info ] [ BEHAVIOR ] Run \addons\upload\Upload @upload_config_init [ RunTime:0.001000s ]
[ info ] [ LANG ] E:\phpStudy\WWW\fastadmin\public/../application/admin/lang/zh-cn/index.php
[ info ] [ RUN ] app\admin\controller\Index->index[ E:\phpStudy\WWW\fastadmin\application\admin\controller\Index.php ]
[ info ] [ DB ] INIT mysql
[ info ] [ VIEW ] E:\phpStudy\WWW\fastadmin\public/../application/admin\view\index\index.html [ array (
  0 => 'breadcrumb',
  1 => 'site',
  2 => 'config',
  3 => 'auth',
  4 => 'admin',
  5 => 'menulist',
  6 => 'title',
) ]
[ info ] [ BEHAVIOR ] Run app\admin\behavior\AdminLog @app_end [ RunTime:0.001000s ]
[ info ] [ LOG ] INIT File
[ sql ] [ DB ] CONNECT:[ UseTime:1.022851s ] mysql:host=localhost;dbname=fastadmin;charset=utf8
[ sql ] [ SQL ] SHOW COLUMNS FROM `fa_auth_group_access` [ RunTime:0.024002s ]
[ sql ] [ SQL ] SELECT `aga`.`uid`,`aga`.`group_id`,`ag`.`id`,`ag`.`pid`,`ag`.`name`,`ag`.`rules` FROM `fa_auth_group_access` `aga` LEFT JOIN `fa_auth_group` `ag` ON `aga`.`group_id`=`ag`.`id` WHERE  (  aga.uid='1' and ag.status='normal' ) [ RunTime:0.000000s ]
[ sql ] [ SQL ] SHOW COLUMNS FROM `fa_auth_rule` [ RunTime:0.020600s ]
[ sql ] [ SQL ] SELECT `id`,`pid`,`condition`,`icon`,`name`,`title`,`ismenu` FROM `fa_auth_rule` WHERE  `status` = 'normal' [ RunTime:0.001000s ]
[ sql ] [ SQL ] SELECT * FROM `fa_auth_rule` WHERE  `ismenu` = 1 ORDER BY `weigh`  desc [ RunTime:0.001000s ]
---------------------------------------------------------------
[ 2018-01-17T17:27:01+08:00 ] 127.0.0.1 127.0.0.1 GET /fastadmin/public/admin/index/index
[ info ] localhost:9096/fastadmin/public/admin/index/index [运行时间：2.007701s][吞吐率：0.50req/s] [内存消耗：3,797.02kb] [文件加载：92]
[ info ] [ BEHAVIOR ] Run Closure @app_init [ RunTime:0.000000s ]
[ info ] [ CACHE ] INIT File
[ info ] [ BEHAVIOR ] Run Closure @app_init [ RunTime:0.015600s ]
[ info ] [ LANG ] E:\phpStudy\WWW\fastadmin\thinkphp\lang\zh-cn.php
[ info ] [ ROUTE ] array (
  'type' => 'module',
  'module' => 
  array (
    0 => 'admin',
    1 => 'index',
    2 => 'index',
  ),
)
[ info ] [ HEADER ] array (
  'host' => 'localhost:9096',
  'user-agent' => 'Mozilla/5.0 (Windows NT 6.1; Win64; x64; rv:57.0) Gecko/20100101 Firefox/57.0',
  'accept' => 'text/html,application/xhtml+xml,application/xml;q=0.9,*/*;q=0.8',
  'accept-language' => 'zh-CN,zh;q=0.8,zh-TW;q=0.7,zh-HK;q=0.5,en-US;q=0.3,en;q=0.2',
  'accept-encoding' => 'gzip, deflate',
  'referer' => 'http://localhost:9096/fastadmin/public/admin/index/login.html',
  'cookie' => 'Hm_lvt_f8d0a8c400404989e195270b0bbf060a=1515918971,1516157197,1516159493; Phpstorm-4d4a1897=033c7367-76ac-4855-8262-504438ddb470; PHPSESSID=khf2tmnlvp2nr8f6avntob9gg1; Hm_lpvt_f8d0a8c400404989e195270b0bbf060a=1516181213; _ga=GA1.1.1168175668.1516175940; _gid=GA1.1.1587534083.1516175940',
  'connection' => 'keep-alive',
  'upgrade-insecure-requests' => '1',
)
[ info ] [ PARAM ] array (
)
[ info ] [ LANG ] E:\phpStudy\WWW\fastadmin\public/../application/admin\lang\zh-cn.php
[ info ] [ BEHAVIOR ] Run app\common\behavior\Common @module_init [ RunTime:0.000000s ]
[ info ] [ SESSION ] INIT array (
  'id' => '',
  'var_session_id' => '',
  'prefix' => 'think',
  'type' => '',
  'auto_start' => true,
)
[ info ] [ BEHAVIOR ] Run \addons\upload\Upload @upload_config_init [ RunTime:0.000000s ]
[ info ] [ LANG ] E:\phpStudy\WWW\fastadmin\public/../application/admin/lang/zh-cn/index.php
[ info ] [ RUN ] app\admin\controller\Index->index[ E:\phpStudy\WWW\fastadmin\application\admin\controller\Index.php ]
[ info ] [ DB ] INIT mysql
[ info ] [ VIEW ] E:\phpStudy\WWW\fastadmin\public/../application/admin\view\index\index.html [ array (
  0 => 'breadcrumb',
  1 => 'site',
  2 => 'config',
  3 => 'auth',
  4 => 'admin',
  5 => 'menulist',
  6 => 'title',
) ]
[ info ] [ BEHAVIOR ] Run app\admin\behavior\AdminLog @app_end [ RunTime:0.001000s ]
[ info ] [ LOG ] INIT File
[ sql ] [ DB ] CONNECT:[ UseTime:1.002049s ] mysql:host=localhost;dbname=fastadmin;charset=utf8
[ sql ] [ SQL ] SHOW COLUMNS FROM `fa_auth_group_access` [ RunTime:0.015001s ]
[ sql ] [ SQL ] SELECT `aga`.`uid`,`aga`.`group_id`,`ag`.`id`,`ag`.`pid`,`ag`.`name`,`ag`.`rules` FROM `fa_auth_group_access` `aga` LEFT JOIN `fa_auth_group` `ag` ON `aga`.`group_id`=`ag`.`id` WHERE  (  aga.uid='1' and ag.status='normal' ) [ RunTime:0.001000s ]
[ sql ] [ SQL ] SHOW COLUMNS FROM `fa_auth_rule` [ RunTime:0.016001s ]
[ sql ] [ SQL ] SELECT `id`,`pid`,`condition`,`icon`,`name`,`title`,`ismenu` FROM `fa_auth_rule` WHERE  `status` = 'normal' [ RunTime:0.001000s ]
---------------------------------------------------------------
[ 2018-01-17T17:27:02+08:00 ] 127.0.0.1 127.0.0.1 GET /fastadmin/public/admin/ajax/lang?callback=define&controllername=index&v=1516181219
[ info ] localhost:9096/fastadmin/public/admin/ajax/lang?callback=define&controllername=index&v=1516181219 [运行时间：0.057003s][吞吐率：17.54req/s] [内存消耗：2,712.98kb] [文件加载：73]
[ info ] [ BEHAVIOR ] Run Closure @app_init [ RunTime:0.000000s ]
[ info ] [ CACHE ] INIT File
[ info ] [ BEHAVIOR ] Run Closure @app_init [ RunTime:0.003000s ]
[ info ] [ LANG ] E:\phpStudy\WWW\fastadmin\thinkphp\lang\zh-cn.php
[ info ] [ ROUTE ] array (
  'type' => 'module',
  'module' => 
  array (
    0 => 'admin',
    1 => 'ajax',
    2 => 'lang',
  ),
)
[ info ] [ HEADER ] array (
  'host' => 'localhost:9096',
  'user-agent' => 'Mozilla/5.0 (Windows NT 6.1; Win64; x64; rv:57.0) Gecko/20100101 Firefox/57.0',
  'accept' => '*/*',
  'accept-language' => 'zh-CN,zh;q=0.8,zh-TW;q=0.7,zh-HK;q=0.5,en-US;q=0.3,en;q=0.2',
  'accept-encoding' => 'gzip, deflate',
  'referer' => 'http://localhost:9096/fastadmin/public/admin/index/index',
  'cookie' => 'Hm_lvt_f8d0a8c400404989e195270b0bbf060a=1515918971,1516157197,1516159493; Phpstorm-4d4a1897=033c7367-76ac-4855-8262-504438ddb470; PHPSESSID=khf2tmnlvp2nr8f6avntob9gg1; Hm_lpvt_f8d0a8c400404989e195270b0bbf060a=1516181213; _ga=GA1.1.1168175668.1516175940; _gid=GA1.1.1587534083.1516175940',
  'connection' => 'keep-alive',
)
[ info ] [ PARAM ] array (
  'callback' => 'define',
  'controllername' => 'index',
  'v' => '1516181219',
)
[ info ] [ LANG ] E:\phpStudy\WWW\fastadmin\public/../application/admin\lang\zh-cn.php
[ info ] [ BEHAVIOR ] Run app\common\behavior\Common @module_init [ RunTime:0.001000s ]
[ info ] [ BEHAVIOR ] Run \addons\upload\Upload @upload_config_init [ RunTime:0.000000s ]
[ info ] [ SESSION ] INIT array (
  'id' => '',
  'var_session_id' => '',
  'prefix' => 'think',
  'type' => '',
  'auto_start' => true,
)
[ info ] [ RUN ] app\admin\controller\Ajax->lang[ E:\phpStudy\WWW\fastadmin\application\admin\controller\Ajax.php ]
[ info ] [ LANG ] E:\phpStudy\WWW\fastadmin\public/../application/admin/lang/zh-cn/index.php
[ info ] [ BEHAVIOR ] Run app\admin\behavior\AdminLog @app_end [ RunTime:0.000000s ]
[ info ] [ LOG ] INIT File
---------------------------------------------------------------
[ 2018-01-17T17:27:03+08:00 ] 127.0.0.1 127.0.0.1 GET /fastadmin/public/admin/dashboard?addtabs=1
[ info ] localhost:9096/fastadmin/public/admin/dashboard?addtabs=1 [运行时间：1.153066s][吞吐率：0.87req/s] [内存消耗：3,798.83kb] [文件加载：83]
[ info ] [ BEHAVIOR ] Run Closure @app_init [ RunTime:0.000000s ]
[ info ] [ CACHE ] INIT File
[ info ] [ BEHAVIOR ] Run Closure @app_init [ RunTime:0.003001s ]
[ info ] [ LANG ] E:\phpStudy\WWW\fastadmin\thinkphp\lang\zh-cn.php
[ info ] [ ROUTE ] array (
  'type' => 'module',
  'module' => 
  array (
    0 => 'admin',
    1 => 'dashboard',
    2 => NULL,
  ),
)
[ info ] [ HEADER ] array (
  'host' => 'localhost:9096',
  'user-agent' => 'Mozilla/5.0 (Windows NT 6.1; Win64; x64; rv:57.0) Gecko/20100101 Firefox/57.0',
  'accept' => 'text/html,application/xhtml+xml,application/xml;q=0.9,*/*;q=0.8',
  'accept-language' => 'zh-CN,zh;q=0.8,zh-TW;q=0.7,zh-HK;q=0.5,en-US;q=0.3,en;q=0.2',
  'accept-encoding' => 'gzip, deflate',
  'referer' => 'http://localhost:9096/fastadmin/public/admin/index/index',
  'cookie' => 'Hm_lvt_f8d0a8c400404989e195270b0bbf060a=1515918971,1516157197,1516159493; Phpstorm-4d4a1897=033c7367-76ac-4855-8262-504438ddb470; PHPSESSID=khf2tmnlvp2nr8f6avntob9gg1; Hm_lpvt_f8d0a8c400404989e195270b0bbf060a=1516181213; _ga=GA1.1.1168175668.1516175940; _gid=GA1.1.1587534083.1516175940',
  'connection' => 'keep-alive',
  'upgrade-insecure-requests' => '1',
)
[ info ] [ PARAM ] array (
  'addtabs' => '1',
)
[ info ] [ LANG ] E:\phpStudy\WWW\fastadmin\public/../application/admin\lang\zh-cn.php
[ info ] [ BEHAVIOR ] Run app\common\behavior\Common @module_init [ RunTime:0.001000s ]
[ info ] [ SESSION ] INIT array (
  'id' => '',
  'var_session_id' => '',
  'prefix' => 'think',
  'type' => '',
  'auto_start' => true,
)
[ info ] [ DB ] INIT mysql
[ info ] [ BEHAVIOR ] Run \addons\upload\Upload @upload_config_init [ RunTime:0.001000s ]
[ info ] [ LANG ] E:\phpStudy\WWW\fastadmin\public/../application/admin/lang/zh-cn/dashboard.php
[ info ] [ RUN ] app\admin\controller\Dashboard->index[ E:\phpStudy\WWW\fastadmin\application\admin\controller\Dashboard.php ]
[ info ] [ VIEW ] E:\phpStudy\WWW\fastadmin\public/../application/admin\view\dashboard\index.html [ array (
  0 => 'breadcrumb',
  1 => 'site',
  2 => 'config',
  3 => 'auth',
  4 => 'admin',
  5 => 'totaluser',
  6 => 'totalviews',
  7 => 'totalorder',
  8 => 'totalorderamount',
  9 => 'todayuserlogin',
  10 => 'todayusersignup',
  11 => 'todayorder',
  12 => 'unsettleorder',
  13 => 'sevendnu',
  14 => 'sevendau',
  15 => 'paylist',
  16 => 'createlist',
  17 => 'uploadmode',
) ]
[ info ] [ BEHAVIOR ] Run app\admin\behavior\AdminLog @app_end [ RunTime:0.001000s ]
[ info ] [ LOG ] INIT File
[ sql ] [ DB ] CONNECT:[ UseTime:1.020059s ] mysql:host=localhost;dbname=fastadmin;charset=utf8
[ sql ] [ SQL ] SHOW COLUMNS FROM `fa_auth_group_access` [ RunTime:0.020001s ]
[ sql ] [ SQL ] SELECT `aga`.`uid`,`aga`.`group_id`,`ag`.`id`,`ag`.`pid`,`ag`.`name`,`ag`.`rules` FROM `fa_auth_group_access` `aga` LEFT JOIN `fa_auth_group` `ag` ON `aga`.`group_id`=`ag`.`id` WHERE  (  aga.uid='1' and ag.status='normal' ) [ RunTime:0.001000s ]
[ sql ] [ SQL ] SHOW COLUMNS FROM `fa_auth_rule` [ RunTime:0.029002s ]
[ sql ] [ SQL ] SELECT `id`,`pid`,`condition`,`icon`,`name`,`title`,`ismenu` FROM `fa_auth_rule` WHERE  `status` = 'normal' [ RunTime:0.002000s ]
[ sql ] [ SQL ] SELECT `title`,`remark` FROM `fa_auth_rule` WHERE  `name` = 'dashboard' LIMIT 1 [ RunTime:0.001000s ]
---------------------------------------------------------------
[ 2018-01-17T17:27:04+08:00 ] 127.0.0.1 127.0.0.1 GET /fastadmin/public/admin/ajax/lang?callback=define&controllername=dashboard&v=1516181222
[ info ] localhost:9096/fastadmin/public/admin/ajax/lang?callback=define&controllername=dashboard&v=1516181222 [运行时间：0.050800s][吞吐率：19.69req/s] [内存消耗：2,712.23kb] [文件加载：73]
[ info ] [ BEHAVIOR ] Run Closure @app_init [ RunTime:0.000000s ]
[ info ] [ CACHE ] INIT File
[ info ] [ BEHAVIOR ] Run Closure @app_init [ RunTime:0.000000s ]
[ info ] [ LANG ] E:\phpStudy\WWW\fastadmin\thinkphp\lang\zh-cn.php
[ info ] [ ROUTE ] array (
  'type' => 'module',
  'module' => 
  array (
    0 => 'admin',
    1 => 'ajax',
    2 => 'lang',
  ),
)
[ info ] [ HEADER ] array (
  'host' => 'localhost:9096',
  'user-agent' => 'Mozilla/5.0 (Windows NT 6.1; Win64; x64; rv:57.0) Gecko/20100101 Firefox/57.0',
  'accept' => '*/*',
  'accept-language' => 'zh-CN,zh;q=0.8,zh-TW;q=0.7,zh-HK;q=0.5,en-US;q=0.3,en;q=0.2',
  'accept-encoding' => 'gzip, deflate',
  'referer' => 'http://localhost:9096/fastadmin/public/admin/dashboard?addtabs=1',
  'cookie' => 'Hm_lvt_f8d0a8c400404989e195270b0bbf060a=1515918971,1516157197,1516159493; Phpstorm-4d4a1897=033c7367-76ac-4855-8262-504438ddb470; PHPSESSID=khf2tmnlvp2nr8f6avntob9gg1; Hm_lpvt_f8d0a8c400404989e195270b0bbf060a=1516181213; _ga=GA1.1.1168175668.1516175940; _gid=GA1.1.1587534083.1516175940',
  'connection' => 'keep-alive',
)
[ info ] [ PARAM ] array (
  'callback' => 'define',
  'controllername' => 'dashboard',
  'v' => '1516181222',
)
[ info ] [ LANG ] E:\phpStudy\WWW\fastadmin\public/../application/admin\lang\zh-cn.php
[ info ] [ BEHAVIOR ] Run app\common\behavior\Common @module_init [ RunTime:0.000000s ]
[ info ] [ BEHAVIOR ] Run \addons\upload\Upload @upload_config_init [ RunTime:0.000000s ]
[ info ] [ SESSION ] INIT array (
  'id' => '',
  'var_session_id' => '',
  'prefix' => 'think',
  'type' => '',
  'auto_start' => true,
)
[ info ] [ RUN ] app\admin\controller\Ajax->lang[ E:\phpStudy\WWW\fastadmin\application\admin\controller\Ajax.php ]
[ info ] [ LANG ] E:\phpStudy\WWW\fastadmin\public/../application/admin/lang/zh-cn/dashboard.php
[ info ] [ BEHAVIOR ] Run app\admin\behavior\AdminLog @app_end [ RunTime:0.000000s ]
[ info ] [ LOG ] INIT File
---------------------------------------------------------------
[ 2018-01-17T17:27:59+08:00 ] 127.0.0.1 127.0.0.1 GET /fastadmin/public/
[ info ] localhost:9096/fastadmin/public/ [运行时间：0.069603s][吞吐率：14.37req/s] [内存消耗：2,339.05kb] [文件加载：65]
[ info ] [ BEHAVIOR ] Run Closure @app_init [ RunTime:0.000000s ]
[ info ] [ CACHE ] INIT File
[ info ] [ BEHAVIOR ] Run Closure @app_init [ RunTime:0.005001s ]
[ info ] [ LANG ] E:\phpStudy\WWW\fastadmin\thinkphp\lang\zh-cn.php
[ info ] [ ROUTE ] array (
  'type' => 'module',
  'module' => 
  array (
    0 => '',
    1 => NULL,
    2 => NULL,
  ),
)
[ info ] [ HEADER ] array (
  'host' => 'localhost:9096',
  'user-agent' => 'Mozilla/5.0 (Windows NT 6.1; Win64; x64; rv:57.0) Gecko/20100101 Firefox/57.0',
  'accept' => 'text/html,application/xhtml+xml,application/xml;q=0.9,*/*;q=0.8',
  'accept-language' => 'zh-CN,zh;q=0.8,zh-TW;q=0.7,zh-HK;q=0.5,en-US;q=0.3,en;q=0.2',
  'accept-encoding' => 'gzip, deflate',
  'cookie' => 'Hm_lvt_f8d0a8c400404989e195270b0bbf060a=1515918971,1516157197,1516159493; Phpstorm-4d4a1897=033c7367-76ac-4855-8262-504438ddb470; PHPSESSID=khf2tmnlvp2nr8f6avntob9gg1; Hm_lpvt_f8d0a8c400404989e195270b0bbf060a=1516181213; _ga=GA1.1.1168175668.1516175940; _gid=GA1.1.1587534083.1516175940',
  'connection' => 'keep-alive',
  'upgrade-insecure-requests' => '1',
)
[ info ] [ PARAM ] array (
)
[ info ] [ LANG ] E:\phpStudy\WWW\fastadmin\public/../application/index\lang\zh-cn.php
[ info ] [ BEHAVIOR ] Run app\common\behavior\Common @module_init [ RunTime:0.001000s ]
[ info ] [ BEHAVIOR ] Run \addons\upload\Upload @upload_config_init [ RunTime:0.001000s ]
[ info ] [ LANG ] E:\phpStudy\WWW\fastadmin\public/../application/index/lang/zh-cn/index.php
[ info ] [ RUN ] app\index\controller\Index->index[ E:\phpStudy\WWW\fastadmin\application\index\controller\Index.php ]
[ info ] [ VIEW ] E:\phpStudy\WWW\fastadmin\public/../application/index\view\index\index.html [ array (
  0 => 'site',
  1 => 'config',
) ]
[ info ] [ LOG ] INIT File
